2018-05-29 10:01:53.335909,2018-05-29 07:33:00,
2018-05-29 10:21:13.888964,2018-05-29 07:33:00,
2018-05-29 10:51:14.273598,2018-05-29 10:32:00,
2018-05-29 11:21:15.747166,2018-05-29 10:32:00,
2018-05-29 11:51:15.951549,2018-05-29 10:32:00,
2018-05-29 12:21:16.364193,2018-05-29 10:32:00,
2018-05-29 12:51:16.666283,2018-05-29 10:32:00,
2018-05-29 13:21:17.083401,2018-05-29 10:32:00,
2018-05-29 13:51:17.421650,2018-05-29 13:33:00,
2018-05-29 14:21:17.816071,2018-05-29 13:33:00,
2018-05-29 14:51:18.083928,2018-05-29 13:33:00,
2018-05-29 15:21:24.141195,2018-05-29 13:33:00,
2018-05-29 15:51:24.289696,2018-05-29 13:33:00,
2018-05-29 16:21:29.541881,2018-05-29 13:33:00,
2018-05-29 16:51:30.452074,2018-05-29 16:32:00,
2018-05-29 17:21:30.648125,2018-05-29 16:32:00,
2018-05-29 17:51:31.018418,2018-05-29 16:32:00,
2018-05-29 18:21:32.603180,2018-05-29 16:32:00,
2018-05-29 18:51:32.977395,2018-05-29 16:32:00,
2018-05-29 19:21:34.772317,2018-05-29 16:32:00,
2018-05-29 19:51:34.968035,2018-05-29 19:32:00,
2018-05-29 20:21:35.178839,2018-05-29 19:32:00,
2018-05-29 20:51:36.073880,2018-05-29 19:32:00,
2018-05-29 21:21:36.467848,2018-05-29 19:32:00,
2018-05-29 21:51:36.643767,2018-05-29 19:32:00,
2018-05-29 22:21:37.312823,2018-05-29 19:32:00,
2018-05-29 22:51:37.691307,2018-05-29 22:35:00,
2018-05-29 23:21:38.106881,2018-05-29 22:35:00,
2018-05-29 23:51:38.395144,2018-05-29 22:35:00,
2018-05-30 00:21:38.725945,2018-05-29 22:35:00,
2018-05-30 00:51:38.958412,2018-05-29 22:35:00,
2018-05-30 01:21:39.196750,2018-05-29 22:35:00,
2018-05-30 01:51:39.542833,2018-05-30 01:33:00,
2018-05-30 02:21:39.826055,2018-05-30 01:33:00,
2018-05-30 02:51:40.072484,2018-05-30 01:33:00,
2018-05-30 03:21:40.444627,2018-05-30 01:33:00,
2018-05-30 03:51:41.095387,2018-05-30 01:33:00,
2018-05-30 04:21:41.533219,2018-05-30 01:33:00,
2018-05-30 04:51:41.978460,2018-05-30 04:32:00,
2018-05-30 05:21:42.425101,2018-05-30 04:32:00,
2018-05-30 05:51:42.823905,2018-05-30 04:32:00,
2018-05-30 06:21:43.177051,2018-05-30 04:32:00,
2018-05-30 06:51:43.886128,2018-05-30 04:32:00,
2018-05-30 07:21:44.336700,2018-05-30 04:32:00,
2018-05-30 07:51:44.543204,2018-05-30 07:32:00,
2018-05-30 08:21:45.139784,2018-05-30 07:32:00,
2018-05-30 08:51:45.525222,2018-05-30 07:32:00,
2018-05-30 09:21:45.890067,2018-05-30 07:32:00,
2018-05-30 09:51:46.106528,2018-05-30 09:51:00,
2018-05-30 10:21:46.601405,2018-05-30 10:01:00,
2018-05-30 10:51:47.223025,2018-05-30 10:32:00,
2018-05-30 11:21:47.572587,2018-05-30 10:32:00,
2018-05-30 11:51:47.732452,2018-05-30 10:32:00,
2018-05-30 12:21:48.114606,2018-05-30 10:32:00,
2018-05-30 12:51:48.393862,2018-05-30 10:32:00,
2018-05-30 13:21:48.625417,2018-05-30 10:32:00,
2018-05-30 13:51:49.034167,2018-05-30 13:32:00,
2018-05-30 14:21:49.176684,2018-05-30 13:32:00,
2018-05-30 14:51:49.840557,2018-05-30 13:32:00,
2018-05-30 15:21:50.453176,2018-05-30 13:32:00,
2018-05-30 15:51:51.877789,2018-05-30 13:32:00,
2018-05-30 16:21:53.388210,2018-05-30 13:32:00,
2018-05-30 16:51:53.576711,2018-05-30 16:34:00,
2018-05-30 17:21:53.921762,2018-05-30 16:34:00,
2018-05-30 17:51:54.170009,2018-05-30 16:34:00,
2018-05-30 18:22:03.523212,2018-05-30 16:34:00,
2018-06-01 16:05:37.944096,2018-06-01 13:46:00,
2018-06-01 16:35:38.237349,2018-06-01 16:32:00,
2018-06-01 17:05:38.409092,2018-06-01 16:32:00,
2018-06-01 17:35:38.594763,2018-06-01 16:32:00,
2018-06-01 18:05:38.801905,2018-06-01 16:32:00,
2018-06-01 18:35:39.092970,2018-06-01 16:32:00,
2018-06-01 19:05:39.290834,2018-06-01 16:32:00,
2018-06-01 19:35:39.418617,2018-06-01 16:32:00,
2018-06-01 20:05:39.582698,2018-06-01 19:31:00,
2018-06-01 20:35:39.695836,2018-06-01 20:01:00,
2018-06-01 21:05:39.880494,2018-06-01 20:01:00,
2018-06-01 21:35:40.264280,2018-06-01 20:01:00,
2018-06-01 22:05:41.634135,2018-06-01 20:01:00,
2018-06-01 22:35:41.986640,2018-06-01 22:32:00,
2018-06-01 23:05:42.124213,2018-06-01 22:32:00,
2018-06-01 23:35:42.357100,2018-06-01 22:32:00,
2018-06-02 00:05:42.856399,2018-06-01 22:32:00,
2018-06-02 00:35:43.063594,2018-06-01 22:32:00,
2018-06-02 01:05:57.470991,2018-06-01 22:32:00,
2018-06-02 01:35:58.010938,2018-06-02 01:32:00,
2018-06-02 02:05:58.368501,2018-06-02 01:32:00,
2018-06-02 02:35:58.769281,2018-06-02 01:32:00,
2018-06-02 03:05:59.072083,2018-06-02 01:32:00,
2018-06-02 03:35:59.292797,2018-06-02 01:32:00,
2018-06-02 04:05:59.653798,2018-06-02 01:32:00,
2018-06-02 04:35:59.865785,2018-06-02 04:32:00,SMALL CRAFT ADVISORY IN EFFECT FROM LATE TONIGHT THROUGH SUNDAY
2018-06-02 05:06:00.360613,2018-06-02 04:32:00,SMALL CRAFT ADVISORY IN EFFECT FROM LATE TONIGHT THROUGH SUNDAY
2018-06-02 05:36:00.687360,2018-06-02 04:32:00,SMALL CRAFT ADVISORY IN EFFECT FROM LATE TONIGHT THROUGH SUNDAY
2018-06-02 06:06:00.855145,2018-06-02 04:32:00,SMALL CRAFT ADVISORY IN EFFECT FROM LATE TONIGHT THROUGH SUNDAY
2018-06-02 06:36:01.321004,2018-06-02 04:32:00,SMALL CRAFT ADVISORY IN EFFECT FROM LATE TONIGHT THROUGH SUNDAY
2018-06-02 07:06:01.546851,2018-06-02 04:32:00,SMALL CRAFT ADVISORY IN EFFECT FROM LATE TONIGHT THROUGH SUNDAY
2018-06-02 07:36:01.809667,2018-06-02 07:31:00,SMALL CRAFT ADVISORY IN EFFECT FROM LATE TONIGHT THROUGH SUNDAY
2018-06-02 08:06:02.826310,2018-06-02 07:31:00,SMALL CRAFT ADVISORY IN EFFECT FROM LATE TONIGHT THROUGH SUNDAY
2018-06-02 08:36:03.235194,2018-06-02 07:31:00,SMALL CRAFT ADVISORY IN EFFECT FROM LATE TONIGHT THROUGH SUNDAY
2018-06-02 09:06:03.547540,2018-06-02 07:31:00,SMALL CRAFT ADVISORY IN EFFECT FROM LATE TONIGHT THROUGH SUNDAY
2018-06-02 09:36:03.881486,2018-06-02 07:31:00,SMALL CRAFT ADVISORY IN EFFECT FROM LATE TONIGHT THROUGH SUNDAY
2018-06-02 10:06:04.279912,2018-06-02 07:31:00,SMALL CRAFT ADVISORY IN EFFECT FROM LATE TONIGHT THROUGH SUNDAY
2018-06-02 10:36:04.516712,2018-06-02 10:31:00,SMALL CRAFT ADVISORY IN EFFECT FROM LATE TONIGHT THROUGH SUNDAY
2018-06-02 11:06:05.008191,2018-06-02 10:31:00,SMALL CRAFT ADVISORY IN EFFECT FROM LATE TONIGHT THROUGH SUNDAY
2018-06-02 11:36:05.373196,2018-06-02 10:31:00,SMALL CRAFT ADVISORY IN EFFECT FROM LATE TONIGHT THROUGH SUNDAY
2018-06-02 12:06:05.710555,2018-06-02 10:31:00,SMALL CRAFT ADVISORY IN EFFECT FROM LATE TONIGHT THROUGH SUNDAY
2018-06-02 12:36:05.978479,2018-06-02 10:31:00,SMALL CRAFT ADVISORY IN EFFECT FROM LATE TONIGHT THROUGH SUNDAY
2018-06-02 13:06:06.135628,2018-06-02 10:31:00,SMALL CRAFT ADVISORY IN EFFECT FROM LATE TONIGHT THROUGH SUNDAY
2018-06-02 13:36:06.410684,2018-06-02 13:32:00,SMALL CRAFT ADVISORY IN EFFECT FROM LATE TONIGHT THROUGH SUNDAY
2018-06-02 14:06:06.768705,2018-06-02 13:32:00,SMALL CRAFT ADVISORY IN EFFECT FROM LATE TONIGHT THROUGH SUNDAY
2018-06-02 14:36:07.324608,2018-06-02 13:32:00,SMALL CRAFT ADVISORY IN EFFECT FROM LATE TONIGHT THROUGH SUNDAY
2018-06-02 15:06:07.553563,2018-06-02 13:32:00,SMALL CRAFT ADVISORY IN EFFECT FROM LATE TONIGHT THROUGH SUNDAY
2018-06-02 15:36:07.795301,2018-06-02 13:32:00,SMALL CRAFT ADVISORY IN EFFECT FROM LATE TONIGHT THROUGH SUNDAY
2018-06-02 16:06:07.967698,2018-06-02 13:32:00,SMALL CRAFT ADVISORY IN EFFECT FROM LATE TONIGHT THROUGH SUNDAY
2018-06-04 16:19:44.889113,2018-06-04 13:32:00,SMALL CRAFT ADVISORY IN EFFECT FROM TUESDAY MORNING THROUGH
2018-06-04 16:49:45.230240,2018-06-04 16:31:00,SMALL CRAFT ADVISORY IN EFFECT FROM TUESDAY MORNING THROUGH
2018-06-04 17:19:46.096672,2018-06-04 16:31:00,SMALL CRAFT ADVISORY IN EFFECT FROM TUESDAY MORNING THROUGH
2018-06-04 17:49:46.517854,2018-06-04 16:31:00,SMALL CRAFT ADVISORY IN EFFECT FROM TUESDAY MORNING THROUGH
2018-06-04 18:19:46.965983,2018-06-04 16:31:00,SMALL CRAFT ADVISORY IN EFFECT FROM TUESDAY MORNING THROUGH
2018-06-04 18:49:47.837612,2018-06-04 16:31:00,SMALL CRAFT ADVISORY IN EFFECT FROM TUESDAY MORNING THROUGH
2018-06-04 19:19:48.068423,2018-06-04 16:31:00,SMALL CRAFT ADVISORY IN EFFECT FROM TUESDAY MORNING THROUGH
2018-06-04 19:49:48.465559,2018-06-04 19:31:00,SMALL CRAFT ADVISORY IN EFFECT FROM TUESDAY MORNING THROUGH
2018-06-04 20:19:48.632083,2018-06-04 19:31:00,SMALL CRAFT ADVISORY IN EFFECT FROM TUESDAY MORNING THROUGH
2018-06-04 20:49:49.026558,2018-06-04 19:31:00,SMALL CRAFT ADVISORY IN EFFECT FROM TUESDAY MORNING THROUGH
2018-06-04 21:19:49.353608,2018-06-04 19:31:00,SMALL CRAFT ADVISORY IN EFFECT FROM TUESDAY MORNING THROUGH
2018-06-04 21:49:49.707254,2018-06-04 19:31:00,SMALL CRAFT ADVISORY IN EFFECT FROM TUESDAY MORNING THROUGH
2018-06-04 22:19:50.074898,2018-06-04 19:31:00,SMALL CRAFT ADVISORY IN EFFECT FROM TUESDAY MORNING THROUGH
2018-06-06 14:48:20.323972,2018-06-06 13:31:00,
2018-06-06 15:18:20.860342,2018-06-06 13:31:00,
2018-06-06 15:48:21.284165,2018-06-06 13:31:00,
2018-06-06 16:18:21.664899,2018-06-06 13:31:00,
2018-06-06 16:48:22.305746,2018-06-06 16:31:00,
2018-06-06 17:18:28.550284,2018-06-06 16:31:00,
2018-06-06 17:48:28.914897,2018-06-06 16:31:00,
2018-06-06 18:18:29.302115,2018-06-06 18:13:00,
2018-06-06 18:48:29.905887,2018-06-06 18:19:00,
2018-06-06 19:18:30.360440,2018-06-06 18:19:00,
2018-06-06 19:48:31.840102,2018-06-06 19:31:00,
2018-06-06 20:18:32.491465,2018-06-06 19:31:00,
2018-06-06 20:48:33.230975,2018-06-06 19:31:00,
2018-06-06 21:18:33.662310,2018-06-06 19:31:00,
2018-06-06 21:48:35.030029,2018-06-06 19:31:00,
2018-06-06 22:18:35.576576,2018-06-06 22:05:00,
2018-06-06 22:48:36.153774,2018-06-06 22:31:00,
2018-06-06 23:18:38.501855,2018-06-06 22:31:00,
2018-06-06 23:48:38.684586,2018-06-06 22:31:00,
2018-06-07 00:18:39.132441,2018-06-06 22:31:00,
2018-06-07 00:48:39.568803,2018-06-06 22:31:00,
2018-06-07 01:18:40.146571,2018-06-06 22:31:00,
2018-06-07 01:48:40.496735,2018-06-07 01:39:00,
2018-06-07 02:18:40.887330,2018-06-07 01:39:00,
2018-06-07 02:48:41.102660,2018-06-07 01:39:00,
2018-06-07 03:18:41.578747,2018-06-07 01:39:00,
2018-06-07 03:48:41.844584,2018-06-07 01:39:00,
2018-06-07 04:18:42.952558,2018-06-07 01:39:00,
2018-06-07 04:48:43.179895,2018-06-07 04:31:00,
2018-06-07 05:18:43.529332,2018-06-07 04:31:00,
2018-06-07 05:48:44.103525,2018-06-07 04:31:00,
2018-06-07 06:18:44.556841,2018-06-07 04:31:00,
2018-06-07 06:48:44.957307,2018-06-07 04:31:00,
2018-06-07 07:18:46.759264,2018-06-07 04:31:00,
2018-06-07 07:48:47.042134,2018-06-07 07:31:00,
2018-06-07 08:18:47.580802,2018-06-07 07:31:00,
2018-06-07 08:48:47.778184,2018-06-07 07:31:00,
2018-06-07 09:18:54.009365,2018-06-07 07:31:00,
2018-06-07 09:48:54.245252,2018-06-07 07:31:00,
2018-06-07 10:18:54.653398,2018-06-07 07:31:00,
2018-06-07 10:48:54.993338,2018-06-07 10:31:00,
2018-06-07 11:18:55.202126,2018-06-07 10:31:00,
2018-06-07 11:48:55.460331,2018-06-07 10:31:00,
2018-06-07 12:18:55.615366,2018-06-07 10:31:00,
2018-06-07 12:48:55.871888,2018-06-07 10:31:00,
2018-06-07 13:18:56.031456,2018-06-07 10:31:00,
2018-06-07 13:48:56.356538,2018-06-07 13:32:00,
2018-06-07 14:18:56.706974,2018-06-07 13:32:00,
2018-06-07 14:48:57.001814,2018-06-07 13:32:00,
2018-06-07 15:18:57.446903,2018-06-07 13:32:00,
2018-06-07 15:48:57.764899,2018-06-07 13:32:00,
2018-06-07 16:18:58.175066,2018-06-07 13:32:00,
2018-06-07 16:48:58.640417,2018-06-07 16:32:00,
2018-06-07 17:18:58.918616,2018-06-07 17:09:00,
2018-06-07 17:48:59.229084,2018-06-07 17:09:00,
2018-06-07 18:18:59.447155,2018-06-07 17:09:00,
2018-06-07 18:49:00.727931,2018-06-07 17:09:00,
2018-06-07 19:19:01.071029,2018-06-07 17:09:00,
2018-06-07 19:49:01.438488,2018-06-07 19:31:00,
2018-06-07 20:19:01.799846,2018-06-07 19:31:00,
2018-06-07 20:49:02.039377,2018-06-07 20:34:00,
2018-06-07 21:19:02.404737,2018-06-07 20:34:00,
2018-06-07 21:49:02.752951,2018-06-07 20:34:00,
2018-06-07 22:19:03.171112,2018-06-07 20:34:00,
2018-06-07 22:49:03.402591,2018-06-07 22:31:00,
2018-06-07 23:19:17.956427,2018-06-07 22:31:00,
2018-06-07 23:49:18.350239,2018-06-07 22:31:00,
2018-06-08 00:19:18.833591,2018-06-07 22:31:00,
2018-06-08 00:49:19.182158,2018-06-07 22:31:00,
2018-06-08 01:19:19.613821,2018-06-07 22:31:00,
2018-06-08 01:49:19.942570,2018-06-08 01:31:00,
2018-06-08 02:19:20.324834,2018-06-08 01:31:00,
2018-06-08 02:49:20.545925,2018-06-08 02:34:00,
2018-06-08 03:19:20.781733,2018-06-08 02:34:00,
2018-06-08 03:49:21.187103,2018-06-08 02:34:00,
2018-06-08 04:19:21.443613,2018-06-08 02:34:00,
2018-06-08 04:49:22.045715,2018-06-08 04:32:00,
2018-06-08 05:19:22.401517,2018-06-08 04:32:00,
2018-06-08 05:49:22.965425,2018-06-08 04:32:00,
2018-06-08 06:19:23.385806,2018-06-08 04:32:00,
2018-06-08 06:49:23.697816,2018-06-08 04:32:00,
2018-06-08 07:19:24.014925,2018-06-08 04:32:00,
2018-06-08 07:49:24.918129,2018-06-08 07:31:00,
2018-06-08 08:19:25.589633,2018-06-08 07:31:00,
2018-06-08 08:49:25.968036,2018-06-08 07:31:00,
2018-06-08 09:19:26.204286,2018-06-08 07:31:00,
2018-06-08 09:49:26.507625,2018-06-08 07:31:00,
2018-06-08 10:19:27.012801,2018-06-08 07:31:00,
2018-06-08 10:49:27.440194,2018-06-08 10:31:00,
2018-06-08 11:19:27.723679,2018-06-08 10:31:00,
2018-06-08 11:49:28.086850,2018-06-08 10:31:00,
2018-06-08 12:19:28.352439,2018-06-08 10:31:00,
2018-06-08 12:49:28.669053,2018-06-08 10:31:00,
2018-06-08 13:19:28.959945,2018-06-08 10:31:00,
2018-06-08 13:49:29.449710,2018-06-08 13:32:00,
2018-06-08 14:19:29.697029,2018-06-08 13:32:00,
2018-06-08 14:49:29.869499,2018-06-08 13:32:00,
2018-06-08 15:19:30.309627,2018-06-08 13:32:00,
2018-06-08 15:49:30.455137,2018-06-08 13:32:00,
2018-06-08 16:19:30.609869,2018-06-08 13:32:00,
2018-06-08 16:49:30.948288,2018-06-08 16:32:00,
2018-06-08 17:19:31.358294,2018-06-08 16:32:00,
2018-06-08 17:49:31.645479,2018-06-08 16:32:00,
2018-06-08 18:19:32.025043,2018-06-08 16:32:00,
2018-06-08 18:49:32.530335,2018-06-08 16:32:00,
2018-06-08 19:19:32.705972,2018-06-08 16:32:00,
2018-06-08 19:49:33.053555,2018-06-08 19:32:00,
2018-06-08 20:19:33.460847,2018-06-08 19:32:00,
2018-06-08 20:49:33.793311,2018-06-08 19:32:00,
2018-06-08 21:19:33.929070,2018-06-08 19:32:00,
2018-06-08 21:49:34.251885,2018-06-08 19:32:00,
2018-06-08 22:19:34.499413,2018-06-08 19:32:00,
2018-06-08 22:49:34.831258,2018-06-08 22:32:00,
2018-06-08 23:19:35.209865,2018-06-08 22:32:00,
2018-06-08 23:49:35.391616,2018-06-08 22:32:00,
2018-06-09 00:19:35.753014,2018-06-08 22:32:00,
2018-06-09 00:49:36.121400,2018-06-08 22:32:00,
2018-06-09 01:19:36.380545,2018-06-08 22:32:00,
2018-06-09 01:49:36.912872,2018-06-09 01:31:00,
2018-06-09 02:19:37.276917,2018-06-09 01:31:00,
2018-06-09 02:49:37.787748,2018-06-09 01:31:00,
2018-06-09 03:19:38.146178,2018-06-09 01:31:00,
2018-06-09 03:49:52.580387,2018-06-09 01:31:00,
2018-06-09 04:19:52.827124,2018-06-09 01:31:00,
2018-06-09 04:49:53.035075,2018-06-09 04:32:00,
2018-06-09 05:19:53.454820,2018-06-09 04:32:00,
2018-06-09 05:49:53.651485,2018-06-09 04:32:00,
2018-06-09 06:19:54.001432,2018-06-09 04:32:00,
2018-06-09 06:49:54.347260,2018-06-09 04:32:00,
2018-06-09 07:19:54.713055,2018-06-09 04:32:00,
2018-06-09 07:49:55.524322,2018-06-09 07:32:00,
2018-06-09 08:19:56.434799,2018-06-09 07:32:00,
2018-06-09 08:49:56.699031,2018-06-09 07:32:00,
2018-06-09 09:19:56.876484,2018-06-09 07:32:00,
2018-06-09 09:49:57.125117,2018-06-09 07:32:00,
2018-06-09 10:19:57.350005,2018-06-09 07:32:00,
2018-06-09 10:49:57.751954,2018-06-09 10:38:00,
2018-06-09 11:19:58.128067,2018-06-09 10:38:00,
2018-06-09 11:49:58.538579,2018-06-09 10:38:00,
2018-06-09 12:19:58.927617,2018-06-09 10:38:00,
2018-06-09 12:49:59.384057,2018-06-09 10:38:00,
2018-06-09 13:20:00.597780,2018-06-09 10:38:00,
2018-06-09 13:50:00.756381,2018-06-09 13:31:00,
2018-06-09 14:20:00.927981,2018-06-09 13:31:00,
2018-06-09 14:50:15.688559,2018-06-09 13:31:00,
2018-06-09 15:20:16.000464,2018-06-09 13:31:00,
2018-06-09 15:50:16.333951,2018-06-09 13:31:00,
2018-06-09 16:20:16.575086,2018-06-09 13:31:00,
2018-06-09 16:50:17.003755,2018-06-09 16:32:00,
2018-06-09 17:20:17.364665,2018-06-09 16:32:00,
2018-06-09 17:50:17.714324,2018-06-09 16:32:00,
2018-06-09 18:20:23.143092,2018-06-09 16:32:00,
2018-06-09 18:50:23.595102,2018-06-09 16:32:00,
2018-06-09 19:20:24.718087,2018-06-09 16:32:00,
2018-06-09 19:50:25.094814,2018-06-09 19:32:00,
2018-06-09 20:20:25.327014,2018-06-09 19:32:00,
2018-06-09 20:50:25.687956,2018-06-09 19:32:00,
2018-06-09 21:20:26.037008,2018-06-09 20:58:00,
2018-06-09 21:50:26.413898,2018-06-09 20:58:00,
2018-06-09 22:20:26.650458,2018-06-09 20:58:00,
2018-06-09 22:50:26.831560,2018-06-09 22:31:00,
2018-06-09 23:20:41.257331,2018-06-09 22:31:00,
2018-06-09 23:50:41.506810,2018-06-09 22:31:00,
2018-06-10 00:20:41.947267,2018-06-09 22:31:00,
2018-06-10 00:50:42.583961,2018-06-09 22:31:00,
2018-06-10 01:20:43.414608,2018-06-09 22:31:00,
2018-06-11 15:53:44.850425,2018-06-11 15:22:00,
2018-06-11 16:23:44.992205,2018-06-11 15:22:00,
2018-06-11 16:53:45.436050,2018-06-11 16:33:00,
2018-06-11 17:23:45.861327,2018-06-11 16:33:00,
2018-06-11 17:53:46.084495,2018-06-11 16:33:00,
2018-06-11 18:23:46.469208,2018-06-11 16:33:00,
2018-06-11 18:53:46.858176,2018-06-11 16:33:00,
2018-06-11 19:23:52.201637,2018-06-11 16:33:00,
2018-06-11 19:53:52.376950,2018-06-11 19:32:00,
2018-06-11 20:23:52.713109,2018-06-11 19:48:00,
2018-06-11 20:53:52.899668,2018-06-11 19:48:00,
2018-06-11 21:23:53.109806,2018-06-11 19:48:00,
2018-06-11 21:53:53.562619,2018-06-11 19:48:00,
2018-06-11 22:23:53.737748,2018-06-11 19:48:00,
2018-06-11 22:53:54.141665,2018-06-11 22:31:00,
2018-06-11 23:23:54.418076,2018-06-11 22:31:00,
2018-06-11 23:53:54.637159,2018-06-11 22:31:00,
2018-06-12 00:23:55.000432,2018-06-11 22:31:00,
2018-06-12 00:53:55.211324,2018-06-11 22:31:00,
2018-06-12 01:23:55.588347,2018-06-11 22:31:00,
2018-06-12 01:53:55.783650,2018-06-12 01:34:00,
2018-06-12 02:23:56.167486,2018-06-12 01:34:00,
2018-06-12 02:53:56.697772,2018-06-12 02:39:00,
2018-06-12 03:23:56.913678,2018-06-12 02:39:00,
2018-06-12 03:53:57.293295,2018-06-12 02:39:00,
2018-06-12 04:24:03.152206,2018-06-12 02:39:00,
2018-06-12 04:54:03.364777,2018-06-12 04:32:00,
2018-06-12 05:24:03.557969,2018-06-12 04:32:00,
2018-06-12 05:54:05.010286,2018-06-12 04:32:00,
2018-06-12 06:24:05.366797,2018-06-12 04:32:00,
2018-06-12 06:54:05.708398,2018-06-12 04:32:00,
2018-06-12 07:24:06.165454,2018-06-12 04:32:00,
2018-06-12 07:54:06.373127,2018-06-12 07:32:00,
2018-06-12 08:24:06.855803,2018-06-12 07:32:00,
2018-06-12 08:54:07.309778,2018-06-12 07:32:00,
2018-06-12 09:24:07.613929,2018-06-12 09:23:00,
2018-06-12 09:54:07.965108,2018-06-12 09:23:00,
2018-06-12 10:24:08.197306,2018-06-12 09:23:00,
2018-06-12 10:54:08.318343,2018-06-12 10:32:00,
2018-06-12 11:24:08.659777,2018-06-12 10:32:00,
2018-06-12 11:54:08.881138,2018-06-12 10:32:00,
2018-06-12 12:24:09.398051,2018-06-12 10:32:00,
2018-06-12 12:54:09.756844,2018-06-12 10:32:00,
2018-06-12 13:24:10.033005,2018-06-12 10:32:00,
2018-06-12 13:54:10.286950,2018-06-12 13:32:00,
2018-06-12 14:24:10.681139,2018-06-12 13:32:00,
2018-06-12 14:54:10.884074,2018-06-12 13:32:00,
2018-06-12 15:24:11.269281,2018-06-12 14:45:00,
2018-06-12 15:54:11.638229,2018-06-12 14:45:00,
2018-06-12 16:24:12.036347,2018-06-12 14:45:00,
2018-06-12 16:54:12.196147,2018-06-12 16:32:00,
2018-06-12 17:24:12.466180,2018-06-12 16:32:00,
2018-06-12 17:54:12.696958,2018-06-12 16:32:00,
2018-06-12 18:24:13.174708,2018-06-12 18:21:00,
2018-06-12 18:54:13.383277,2018-06-12 18:21:00,
2018-06-12 19:24:13.607715,2018-06-12 18:21:00,
2018-06-12 19:54:13.780036,2018-06-12 19:36:00,
2018-06-12 20:24:14.126518,2018-06-12 19:36:00,
2018-06-12 20:54:14.552330,2018-06-12 19:36:00,
2018-06-12 21:24:14.908720,2018-06-12 21:15:00,
2018-06-12 21:54:15.592314,2018-06-12 21:15:00,
2018-06-12 22:24:15.765901,2018-06-12 21:15:00,
2018-06-12 22:54:15.993505,2018-06-12 22:32:00,
2018-06-12 23:24:16.353485,2018-06-12 22:32:00,
2018-06-12 23:54:16.778394,2018-06-12 22:32:00,
2018-06-13 00:24:17.390423,2018-06-12 22:32:00,
2018-06-13 00:54:17.659433,2018-06-12 22:32:00,
2018-06-13 01:24:18.087244,2018-06-12 22:32:00,
2018-06-13 01:54:18.621456,2018-06-13 01:32:00,
2018-06-13 02:24:19.457326,2018-06-13 01:32:00,
2018-06-13 02:54:19.671608,2018-06-13 01:32:00,
2018-06-13 03:24:20.284528,2018-06-13 01:32:00,
2018-06-13 03:54:20.523168,2018-06-13 01:32:00,
2018-06-13 04:24:20.752182,2018-06-13 01:32:00,
2018-06-13 04:54:21.060180,2018-06-13 04:32:00,SMALL CRAFT ADVISORY IN EFFECT FROM THURSDAY MORNING THROUGH
2018-06-13 05:24:22.440156,2018-06-13 04:32:00,SMALL CRAFT ADVISORY IN EFFECT FROM THURSDAY MORNING THROUGH
2018-06-13 05:54:22.669906,2018-06-13 04:32:00,SMALL CRAFT ADVISORY IN EFFECT FROM THURSDAY MORNING THROUGH
2018-06-13 06:24:23.205861,2018-06-13 04:32:00,SMALL CRAFT ADVISORY IN EFFECT FROM THURSDAY MORNING THROUGH
2018-06-13 06:54:23.544399,2018-06-13 04:32:00,SMALL CRAFT ADVISORY IN EFFECT FROM THURSDAY MORNING THROUGH
2018-06-13 07:24:23.727358,2018-06-13 04:32:00,SMALL CRAFT ADVISORY IN EFFECT FROM THURSDAY MORNING THROUGH
2018-06-13 07:54:23.986966,2018-06-13 07:32:00,SMALL CRAFT ADVISORY IN EFFECT FROM THURSDAY MORNING THROUGH
2018-06-13 08:24:24.275394,2018-06-13 07:32:00,SMALL CRAFT ADVISORY IN EFFECT FROM THURSDAY MORNING THROUGH
2018-06-13 08:54:24.484525,2018-06-13 07:32:00,SMALL CRAFT ADVISORY IN EFFECT FROM THURSDAY MORNING THROUGH
2018-06-13 09:24:24.654282,2018-06-13 07:32:00,SMALL CRAFT ADVISORY IN EFFECT FROM THURSDAY MORNING THROUGH
2018-06-13 09:54:25.532795,2018-06-13 07:32:00,SMALL CRAFT ADVISORY IN EFFECT FROM THURSDAY MORNING THROUGH
2018-06-13 10:24:40.169926,2018-06-13 07:32:00,SMALL CRAFT ADVISORY IN EFFECT FROM THURSDAY MORNING THROUGH
2018-06-13 13:53:37.087781,2018-06-13 13:32:00,"SMALL CRAFT ADVISORY IN EFFECT UNTIL 8 PM EDT THIS EVENING
SMALL CRAFT ADVISORY IN EFFECT FROM THURSDAY MORNING THROUGH"
2018-06-13 14:23:37.564127,2018-06-13 13:32:00,"SMALL CRAFT ADVISORY IN EFFECT UNTIL 8 PM EDT THIS EVENING
SMALL CRAFT ADVISORY IN EFFECT FROM THURSDAY MORNING THROUGH"
2018-06-13 14:53:37.917728,2018-06-13 13:32:00,"SMALL CRAFT ADVISORY IN EFFECT UNTIL 8 PM EDT THIS EVENING
SMALL CRAFT ADVISORY IN EFFECT FROM THURSDAY MORNING THROUGH"
2018-06-13 15:23:38.268226,2018-06-13 13:32:00,"SMALL CRAFT ADVISORY IN EFFECT UNTIL 8 PM EDT THIS EVENING
SMALL CRAFT ADVISORY IN EFFECT FROM THURSDAY MORNING THROUGH"
2018-06-13 15:53:38.537966,2018-06-13 13:32:00,"SMALL CRAFT ADVISORY IN EFFECT UNTIL 8 PM EDT THIS EVENING
SMALL CRAFT ADVISORY IN EFFECT FROM THURSDAY MORNING THROUGH"
2018-06-13 16:23:38.805356,2018-06-13 13:32:00,"SMALL CRAFT ADVISORY IN EFFECT UNTIL 8 PM EDT THIS EVENING
SMALL CRAFT ADVISORY IN EFFECT FROM THURSDAY MORNING THROUGH"
2018-06-13 16:53:39.180839,2018-06-13 16:32:00,SMALL CRAFT ADVISORY IN EFFECT THROUGH THURSDAY AFTERNOON
2018-06-13 17:23:39.319255,2018-06-13 16:32:00,SMALL CRAFT ADVISORY IN EFFECT THROUGH THURSDAY AFTERNOON
2018-06-13 17:53:39.593445,2018-06-13 16:32:00,SMALL CRAFT ADVISORY IN EFFECT THROUGH THURSDAY AFTERNOON
2018-06-13 18:23:39.903615,2018-06-13 16:32:00,SMALL CRAFT ADVISORY IN EFFECT THROUGH THURSDAY AFTERNOON
2018-06-13 18:53:40.120732,2018-06-13 18:33:00,SMALL CRAFT ADVISORY IN EFFECT THROUGH THURSDAY EVENING
2018-06-13 19:23:40.377719,2018-06-13 18:33:00,SMALL CRAFT ADVISORY IN EFFECT THROUGH THURSDAY EVENING
2018-06-13 19:53:40.730742,2018-06-13 19:32:00,SMALL CRAFT ADVISORY IN EFFECT THROUGH THURSDAY EVENING
2018-06-13 20:23:41.052242,2018-06-13 19:32:00,SMALL CRAFT ADVISORY IN EFFECT THROUGH THURSDAY EVENING
2018-06-13 20:53:41.433200,2018-06-13 19:32:00,SMALL CRAFT ADVISORY IN EFFECT THROUGH THURSDAY EVENING
2018-06-13 21:23:47.940993,2018-06-13 19:32:00,SMALL CRAFT ADVISORY IN EFFECT THROUGH THURSDAY EVENING
2018-06-13 21:53:48.233641,2018-06-13 19:32:00,SMALL CRAFT ADVISORY IN EFFECT THROUGH THURSDAY EVENING
2018-06-13 22:23:48.474671,2018-06-13 19:32:00,SMALL CRAFT ADVISORY IN EFFECT THROUGH THURSDAY EVENING
2018-06-13 22:53:48.663847,2018-06-13 22:32:00,SMALL CRAFT ADVISORY IN EFFECT THROUGH THURSDAY EVENING
2018-06-13 23:23:48.852584,2018-06-13 22:32:00,SMALL CRAFT ADVISORY IN EFFECT THROUGH THURSDAY EVENING
2018-06-13 23:53:49.153280,2018-06-13 22:32:00,SMALL CRAFT ADVISORY IN EFFECT THROUGH THURSDAY EVENING
2018-06-14 00:23:49.529781,2018-06-13 22:32:00,SMALL CRAFT ADVISORY IN EFFECT THROUGH THURSDAY EVENING
2018-06-14 00:53:49.773978,2018-06-13 22:32:00,SMALL CRAFT ADVISORY IN EFFECT THROUGH THURSDAY EVENING
2018-06-14 01:23:50.124767,2018-06-13 22:32:00,SMALL CRAFT ADVISORY IN EFFECT THROUGH THURSDAY EVENING
2018-06-14 01:53:50.466149,2018-06-14 01:32:00,SMALL CRAFT ADVISORY IN EFFECT THROUGH THIS EVENING
2018-06-14 02:24:04.821757,2018-06-14 01:32:00,SMALL CRAFT ADVISORY IN EFFECT THROUGH THIS EVENING
2018-06-14 02:54:05.071273,2018-06-14 01:32:00,SMALL CRAFT ADVISORY IN EFFECT THROUGH THIS EVENING
2018-06-14 03:24:05.343116,2018-06-14 01:32:00,SMALL CRAFT ADVISORY IN EFFECT THROUGH THIS EVENING
2018-06-14 03:54:05.598240,2018-06-14 01:32:00,SMALL CRAFT ADVISORY IN EFFECT THROUGH THIS EVENING
2018-06-14 04:24:05.899131,2018-06-14 01:32:00,SMALL CRAFT ADVISORY IN EFFECT THROUGH THIS EVENING
2018-06-14 04:54:06.163958,2018-06-14 04:32:00,SMALL CRAFT ADVISORY IN EFFECT THROUGH THIS EVENING
2018-06-14 05:24:07.295296,2018-06-14 04:32:00,SMALL CRAFT ADVISORY IN EFFECT THROUGH THIS EVENING
2018-06-14 05:54:07.821555,2018-06-14 04:32:00,SMALL CRAFT ADVISORY IN EFFECT THROUGH THIS EVENING
2018-06-14 06:24:08.669815,2018-06-14 04:32:00,SMALL CRAFT ADVISORY IN EFFECT THROUGH THIS EVENING
2018-06-14 06:54:09.144892,2018-06-14 04:32:00,SMALL CRAFT ADVISORY IN EFFECT THROUGH THIS EVENING
2018-06-14 07:24:09.544652,2018-06-14 04:32:00,SMALL CRAFT ADVISORY IN EFFECT THROUGH THIS EVENING
2018-06-14 07:54:09.839692,2018-06-14 07:32:00,SMALL CRAFT ADVISORY IN EFFECT THROUGH THIS EVENING
2018-06-14 08:24:10.135950,2018-06-14 07:32:00,SMALL CRAFT ADVISORY IN EFFECT THROUGH THIS EVENING
2018-06-14 08:54:10.555602,2018-06-14 07:32:00,SMALL CRAFT ADVISORY IN EFFECT THROUGH THIS EVENING
2018-06-14 09:24:10.746156,2018-06-14 07:32:00,SMALL CRAFT ADVISORY IN EFFECT THROUGH THIS EVENING
2018-06-14 09:54:11.000785,2018-06-14 07:32:00,SMALL CRAFT ADVISORY IN EFFECT THROUGH THIS EVENING
2018-06-14 10:24:11.257812,2018-06-14 07:32:00,SMALL CRAFT ADVISORY IN EFFECT THROUGH THIS EVENING
2018-06-14 10:54:11.528658,2018-06-14 10:31:00,SMALL CRAFT ADVISORY IN EFFECT UNTIL 8 PM EDT THIS EVENING
2018-06-14 11:24:11.933307,2018-06-14 10:31:00,SMALL CRAFT ADVISORY IN EFFECT UNTIL 8 PM EDT THIS EVENING
2018-06-14 11:54:12.319188,2018-06-14 10:31:00,SMALL CRAFT ADVISORY IN EFFECT UNTIL 8 PM EDT THIS EVENING
2018-06-14 12:24:12.743072,2018-06-14 10:31:00,SMALL CRAFT ADVISORY IN EFFECT UNTIL 8 PM EDT THIS EVENING
2018-06-14 12:54:13.061039,2018-06-14 10:31:00,SMALL CRAFT ADVISORY IN EFFECT UNTIL 8 PM EDT THIS EVENING
2018-06-14 13:24:14.612959,2018-06-14 10:31:00,SMALL CRAFT ADVISORY IN EFFECT UNTIL 8 PM EDT THIS EVENING
2018-06-14 13:54:15.051466,2018-06-14 13:33:00,SMALL CRAFT ADVISORY IN EFFECT UNTIL 8 PM EDT THIS EVENING
2018-06-14 14:24:15.424247,2018-06-14 13:33:00,SMALL CRAFT ADVISORY IN EFFECT UNTIL 8 PM EDT THIS EVENING
2018-06-14 14:54:15.631322,2018-06-14 13:33:00,SMALL CRAFT ADVISORY IN EFFECT UNTIL 8 PM EDT THIS EVENING
2018-06-14 15:24:20.976399,2018-06-14 13:33:00,SMALL CRAFT ADVISORY IN EFFECT UNTIL 8 PM EDT THIS EVENING
2018-06-14 15:54:21.305856,2018-06-14 13:33:00,SMALL CRAFT ADVISORY IN EFFECT UNTIL 8 PM EDT THIS EVENING
2018-06-14 16:24:21.735646,2018-06-14 13:33:00,SMALL CRAFT ADVISORY IN EFFECT UNTIL 8 PM EDT THIS EVENING
2018-06-14 16:54:21.974789,2018-06-14 16:33:00,"SMALL CRAFT ADVISORY IN EFFECT UNTIL 8 PM EDT THIS EVENING
SMALL CRAFT ADVISORY IN EFFECT FRIDAY MORNING"
2018-06-14 17:24:23.178644,2018-06-14 16:33:00,"SMALL CRAFT ADVISORY IN EFFECT UNTIL 8 PM EDT THIS EVENING
SMALL CRAFT ADVISORY IN EFFECT FRIDAY MORNING"
2018-06-14 17:54:23.463067,2018-06-14 16:33:00,"SMALL CRAFT ADVISORY IN EFFECT UNTIL 8 PM EDT THIS EVENING
SMALL CRAFT ADVISORY IN EFFECT FRIDAY MORNING"
2018-06-14 18:24:24.120675,2018-06-14 16:33:00,"SMALL CRAFT ADVISORY IN EFFECT UNTIL 8 PM EDT THIS EVENING
SMALL CRAFT ADVISORY IN EFFECT FRIDAY MORNING"
2018-06-14 18:54:24.668466,2018-06-14 16:33:00,"SMALL CRAFT ADVISORY IN EFFECT UNTIL 8 PM EDT THIS EVENING
SMALL CRAFT ADVISORY IN EFFECT FRIDAY MORNING"
2018-06-14 19:24:24.962400,2018-06-14 16:33:00,"SMALL CRAFT ADVISORY IN EFFECT UNTIL 8 PM EDT THIS EVENING
SMALL CRAFT ADVISORY IN EFFECT FRIDAY MORNING"
2018-06-14 19:54:25.235004,2018-06-14 19:32:00,"SMALL CRAFT ADVISORY IN EFFECT UNTIL 8 PM EDT THIS EVENING
SMALL CRAFT ADVISORY IN EFFECT FROM 6 AM EDT FRIDAY THROUGH"
2018-06-14 20:24:25.702523,2018-06-14 20:10:00,SMALL CRAFT ADVISORY IN EFFECT FROM 6 AM TO NOON EDT FRIDAY
2018-06-14 20:54:26.364243,2018-06-14 20:10:00,SMALL CRAFT ADVISORY IN EFFECT FROM 6 AM TO NOON EDT FRIDAY
2018-06-14 21:24:26.720715,2018-06-14 20:10:00,SMALL CRAFT ADVISORY IN EFFECT FROM 6 AM TO NOON EDT FRIDAY
2018-06-14 21:54:27.188311,2018-06-14 20:10:00,SMALL CRAFT ADVISORY IN EFFECT FROM 6 AM TO NOON EDT FRIDAY
2018-06-14 22:24:27.455313,2018-06-14 20:10:00,SMALL CRAFT ADVISORY IN EFFECT FROM 6 AM TO NOON EDT FRIDAY
2018-06-14 22:54:27.835430,2018-06-14 22:43:00,SMALL CRAFT ADVISORY IN EFFECT FROM 6 AM TO NOON FRIDAY
2018-06-14 23:24:28.447247,2018-06-14 22:43:00,SMALL CRAFT ADVISORY IN EFFECT FROM 6 AM TO NOON FRIDAY
2018-06-14 23:54:28.941265,2018-06-14 22:43:00,SMALL CRAFT ADVISORY IN EFFECT FROM 6 AM TO NOON FRIDAY
2018-06-15 00:24:29.177222,2018-06-14 22:43:00,SMALL CRAFT ADVISORY IN EFFECT FROM 6 AM TO NOON FRIDAY
2018-06-15 00:54:29.421595,2018-06-14 22:43:00,SMALL CRAFT ADVISORY IN EFFECT FROM 6 AM TO NOON FRIDAY
2018-06-15 01:24:29.969000,2018-06-14 22:43:00,SMALL CRAFT ADVISORY IN EFFECT FROM 6 AM TO NOON FRIDAY
2018-06-15 01:54:30.472749,2018-06-15 01:31:00,SMALL CRAFT ADVISORY IN EFFECT FROM 6 AM THIS MORNING TO NOON EDT
2018-06-15 02:24:30.869465,2018-06-15 01:31:00,SMALL CRAFT ADVISORY IN EFFECT FROM 6 AM THIS MORNING TO NOON EDT
2018-06-15 02:54:31.153336,2018-06-15 01:31:00,SMALL CRAFT ADVISORY IN EFFECT FROM 6 AM THIS MORNING TO NOON EDT
2018-06-15 03:24:45.524080,2018-06-15 01:31:00,SMALL CRAFT ADVISORY IN EFFECT FROM 6 AM THIS MORNING TO NOON EDT
2018-06-15 03:54:45.941757,2018-06-15 01:31:00,SMALL CRAFT ADVISORY IN EFFECT FROM 6 AM THIS MORNING TO NOON EDT
2018-06-15 04:24:46.475231,2018-06-15 01:31:00,SMALL CRAFT ADVISORY IN EFFECT FROM 6 AM THIS MORNING TO NOON EDT
2018-06-15 04:54:46.734783,2018-06-15 04:31:00,SMALL CRAFT ADVISORY IN EFFECT UNTIL NOON EDT TODAY
2018-06-15 05:24:47.335626,2018-06-15 04:31:00,SMALL CRAFT ADVISORY IN EFFECT UNTIL NOON EDT TODAY
2018-06-15 05:55:01.751580,2018-06-15 04:31:00,SMALL CRAFT ADVISORY IN EFFECT UNTIL NOON EDT TODAY
2018-06-15 06:25:02.321358,2018-06-15 04:31:00,SMALL CRAFT ADVISORY IN EFFECT UNTIL NOON EDT TODAY
2018-06-15 06:55:02.679457,2018-06-15 04:31:00,SMALL CRAFT ADVISORY IN EFFECT UNTIL NOON EDT TODAY
2018-06-15 07:25:03.877878,2018-06-15 04:31:00,SMALL CRAFT ADVISORY IN EFFECT UNTIL NOON EDT TODAY
2018-06-15 07:55:04.126418,2018-06-15 07:31:00,SMALL CRAFT ADVISORY IN EFFECT UNTIL NOON EDT TODAY
2018-06-15 08:25:05.608662,2018-06-15 08:04:00,
2018-06-15 08:55:05.896240,2018-06-15 08:04:00,
2018-06-15 09:25:06.153942,2018-06-15 08:04:00,
2018-06-15 09:55:06.524092,2018-06-15 08:04:00,
2018-06-15 10:25:06.686467,2018-06-15 08:04:00,
2018-06-15 10:55:07.038941,2018-06-15 10:32:00,
2018-06-15 11:25:07.517051,2018-06-15 10:32:00,
2018-06-15 11:55:08.388466,2018-06-15 10:32:00,
2018-06-15 12:25:08.816948,2018-06-15 10:32:00,
2018-06-15 12:55:09.046379,2018-06-15 10:32:00,
2018-06-15 13:25:09.328092,2018-06-15 10:32:00,
2018-06-15 13:55:09.601881,2018-06-15 13:32:00,
2018-06-15 14:25:09.982097,2018-06-15 13:32:00,
2018-06-15 14:55:10.215498,2018-06-15 13:32:00,
2018-06-15 15:25:10.555649,2018-06-15 13:32:00,
2018-06-15 15:55:10.772953,2018-06-15 13:32:00,
2018-06-15 16:25:11.180445,2018-06-15 13:32:00,
2018-06-15 16:55:11.579389,2018-06-15 16:32:00,
2018-06-15 17:25:11.870802,2018-06-15 16:32:00,
2018-06-15 17:55:12.232501,2018-06-15 16:32:00,
2018-06-15 18:25:12.462578,2018-06-15 16:32:00,
2018-06-15 18:55:12.845744,2018-06-15 16:32:00,
2018-06-15 19:25:13.183442,2018-06-15 16:32:00,
2018-06-15 19:55:13.537087,2018-06-15 19:32:00,
2018-06-15 20:25:13.979301,2018-06-15 19:32:00,
2018-06-15 20:55:14.264737,2018-06-15 19:32:00,
2018-06-15 21:25:14.518563,2018-06-15 19:32:00,
2018-06-15 21:55:14.805379,2018-06-15 19:32:00,
2018-06-15 22:25:15.042763,2018-06-15 19:32:00,
2018-06-15 22:55:15.446388,2018-06-15 22:31:00,
2018-06-15 23:25:15.752959,2018-06-15 22:31:00,
2018-06-15 23:55:16.131991,2018-06-15 22:31:00,
2018-06-16 00:25:16.522610,2018-06-15 22:31:00,
2018-06-16 00:55:30.916630,2018-06-15 22:31:00,
2018-06-16 01:25:31.337056,2018-06-15 22:31:00,
2018-06-16 01:55:31.966562,2018-06-16 01:31:00,
2018-06-16 02:25:32.236269,2018-06-16 01:31:00,
2018-06-16 02:55:32.744855,2018-06-16 01:31:00,
2018-06-16 03:25:32.983153,2018-06-16 01:31:00,
2018-06-16 03:55:33.315254,2018-06-16 01:31:00,
2018-06-16 04:25:33.592420,2018-06-16 01:31:00,
2018-06-16 04:55:33.810916,2018-06-16 04:31:00,
2018-06-16 05:25:34.395872,2018-06-16 04:31:00,
2018-06-16 05:55:34.768146,2018-06-16 04:31:00,
2018-06-16 06:25:35.140966,2018-06-16 04:31:00,
2018-06-16 06:55:35.546733,2018-06-16 04:31:00,
2018-06-16 07:25:35.912535,2018-06-16 04:31:00,
2018-06-16 07:55:36.113069,2018-06-16 07:31:00,
2018-06-16 08:25:44.685955,2018-06-16 07:31:00,
2018-06-16 08:55:45.548311,2018-06-16 07:31:00,
2018-06-16 09:25:46.156271,2018-06-16 07:31:00,
2018-06-16 09:55:46.453443,2018-06-16 07:31:00,
2018-06-16 10:25:46.936408,2018-06-16 07:31:00,
2018-06-16 10:55:47.650819,2018-06-16 10:31:00,
2018-06-16 11:25:47.928274,2018-06-16 10:31:00,
2018-06-16 11:55:48.304756,2018-06-16 10:31:00,
2018-06-16 12:25:48.683953,2018-06-16 10:31:00,
2018-06-16 12:55:48.852613,2018-06-16 10:31:00,
2018-06-16 13:25:49.234486,2018-06-16 10:31:00,
2018-06-16 13:55:49.444974,2018-06-16 13:31:00,
2018-06-16 14:25:49.779139,2018-06-16 13:31:00,
2018-06-16 14:55:49.947588,2018-06-16 13:31:00,
2018-06-16 15:25:50.731018,2018-06-16 13:31:00,
2018-06-16 15:55:50.996921,2018-06-16 13:31:00,
2018-06-16 16:25:51.191758,2018-06-16 13:31:00,
2018-06-16 16:55:51.383729,2018-06-16 16:31:00,
2018-06-16 17:25:51.758830,2018-06-16 16:31:00,
2018-06-16 17:55:52.953834,2018-06-16 16:31:00,
2018-06-16 18:25:53.244263,2018-06-16 16:31:00,
2018-06-16 18:55:53.640749,2018-06-16 16:31:00,
2018-06-16 19:25:53.854789,2018-06-16 16:31:00,
2018-06-16 19:55:54.304313,2018-06-16 19:33:00,
2018-06-16 20:26:09.038176,2018-06-16 19:33:00,
2018-06-16 20:56:09.249921,2018-06-16 19:33:00,
2018-06-16 21:26:09.481808,2018-06-16 19:33:00,
2018-06-16 21:56:09.859692,2018-06-16 19:33:00,
2018-06-16 22:26:10.076599,2018-06-16 19:33:00,
2018-06-16 22:56:10.381310,2018-06-16 22:31:00,
2018-06-16 23:26:10.949543,2018-06-16 22:31:00,
2018-06-16 23:56:11.403066,2018-06-16 22:31:00,
2018-06-17 00:26:11.624601,2018-06-16 22:31:00,
2018-06-17 00:56:11.961596,2018-06-16 22:31:00,
2018-06-17 01:26:12.203609,2018-06-16 22:31:00,
2018-06-17 01:56:12.555302,2018-06-17 01:32:00,
2018-06-17 02:26:12.747920,2018-06-17 01:32:00,
2018-06-17 02:56:12.981973,2018-06-17 01:32:00,
2018-06-17 03:26:13.195371,2018-06-17 01:32:00,
2018-06-17 03:56:13.406264,2018-06-17 01:32:00,
2018-06-17 04:26:13.688231,2018-06-17 01:32:00,
2018-06-17 04:56:14.170785,2018-06-17 04:31:00,
2018-06-17 05:26:14.388377,2018-06-17 04:31:00,
2018-06-17 05:56:14.593409,2018-06-17 04:31:00,
2018-06-17 06:26:14.917643,2018-06-17 04:31:00,
2018-06-17 06:56:16.139363,2018-06-17 04:31:00,
2018-06-17 07:26:16.387416,2018-06-17 04:31:00,
2018-06-17 07:56:16.749619,2018-06-17 07:31:00,
2018-06-17 08:26:16.966298,2018-06-17 08:03:00,
2018-06-17 08:56:17.319389,2018-06-17 08:03:00,
2018-06-17 09:26:17.553575,2018-06-17 09:22:00,
2018-06-17 09:56:17.897485,2018-06-17 09:22:00,
2018-06-17 10:26:18.130547,2018-06-17 09:22:00,
2018-06-17 10:56:18.350383,2018-06-17 10:31:00,
2018-06-17 11:26:18.568155,2018-06-17 10:31:00,
2018-06-17 11:56:18.824383,2018-06-17 10:31:00,
2018-06-17 12:26:19.098626,2018-06-17 10:31:00,
2018-06-17 12:56:19.731710,2018-06-17 10:31:00,
2018-06-17 13:26:19.945306,2018-06-17 10:31:00,
2018-06-17 13:56:20.321729,2018-06-17 13:32:00,
2018-06-17 14:26:20.701627,2018-06-17 13:32:00,
2018-06-17 14:56:21.048083,2018-06-17 13:32:00,
2018-06-17 15:26:21.277531,2018-06-17 13:32:00,
2018-06-17 15:56:21.619789,2018-06-17 13:32:00,
2018-06-17 16:26:23.050127,2018-06-17 13:32:00,
2018-06-17 16:56:23.374070,2018-06-17 16:32:00,
2018-06-17 17:26:37.781786,2018-06-17 16:32:00,
2018-06-17 17:56:37.957712,2018-06-17 16:32:00,
2018-06-17 18:26:38.159569,2018-06-17 16:32:00,
2018-06-17 18:56:38.508006,2018-06-17 16:32:00,
2018-06-17 19:26:39.192714,2018-06-17 16:32:00,
2018-06-17 19:56:39.775426,2018-06-17 19:33:00,
2018-06-17 20:26:40.126647,2018-06-17 19:33:00,
2018-06-17 20:56:54.559727,2018-06-17 19:33:00,
2018-06-17 21:26:58.334703,2018-06-17 19:33:00,
2018-06-17 21:56:58.677217,2018-06-17 19:33:00,
2018-06-17 22:26:59.616509,2018-06-17 19:33:00,
2018-06-17 22:57:00.112255,2018-06-17 22:49:00,
2018-06-17 23:27:00.325895,2018-06-17 22:49:00,
2018-06-17 23:57:00.541007,2018-06-17 22:49:00,
2018-06-18 00:27:00.882668,2018-06-17 22:49:00,
2018-06-18 00:57:01.195931,2018-06-17 22:49:00,
2018-06-18 01:27:01.561527,2018-06-17 22:49:00,
2018-06-18 01:57:02.130130,2018-06-18 01:32:00,
2018-06-18 02:27:02.337897,2018-06-18 01:32:00,
2018-06-18 02:57:02.695810,2018-06-18 01:32:00,
2018-06-18 03:27:03.044288,2018-06-18 01:32:00,
2018-06-18 03:57:03.407818,2018-06-18 01:32:00,
2018-06-18 04:27:03.626094,2018-06-18 01:32:00,
2018-06-18 04:57:03.912647,2018-06-18 04:32:00,
2018-06-18 05:27:04.256367,2018-06-18 04:32:00,
2018-06-18 05:57:18.596203,2018-06-18 04:32:00,
2018-06-18 06:27:18.927576,2018-06-18 04:32:00,
2018-06-18 06:57:19.264409,2018-06-18 04:32:00,
2018-06-18 07:27:19.476469,2018-06-18 04:32:00,
2018-06-18 07:57:19.737386,2018-06-18 07:31:00,
2018-06-18 08:27:20.097419,2018-06-18 07:31:00,
2018-06-18 08:57:20.319144,2018-06-18 07:31:00,
2018-06-18 09:27:20.539434,2018-06-18 07:31:00,
2018-06-18 09:57:20.806524,2018-06-18 07:31:00,
2018-06-18 10:27:21.042958,2018-06-18 07:31:00,
2018-07-05 12:25:21.013790,2018-07-05 12:10:00,SMALL CRAFT ADVISORY IN EFFECT FROM FRIDAY EVENING THROUGH
2018-07-05 12:26:19.485501,2018-07-05 12:10:00,SMALL CRAFT ADVISORY IN EFFECT FROM FRIDAY EVENING THROUGH
2018-07-05 12:54:28.833368,2018-07-05 12:10:00,SMALL CRAFT ADVISORY IN EFFECT FROM FRIDAY EVENING THROUGH
2018-07-05 12:56:19.705475,2018-07-05 12:10:00,SMALL CRAFT ADVISORY IN EFFECT FROM FRIDAY EVENING THROUGH
2018-07-05 12:57:15.797763,2018-07-05 12:10:00,SMALL CRAFT ADVISORY IN EFFECT FROM FRIDAY EVENING THROUGH
2018-07-05 12:59:26.437536,2018-07-05 12:10:00,SMALL CRAFT ADVISORY IN EFFECT FROM FRIDAY EVENING THROUGH
2018-07-05 12:59:46.776185,2018-07-05 12:10:00,SMALL CRAFT ADVISORY IN EFFECT FROM FRIDAY EVENING THROUGH
2018-07-05 13:02:46.554483,2018-07-05 12:10:00,SMALL CRAFT ADVISORY IN EFFECT FROM FRIDAY EVENING THROUGH
2018-07-05 13:03:18.213475,2018-07-05 12:10:00,SMALL CRAFT ADVISORY IN EFFECT FROM FRIDAY EVENING THROUGH R
2018-07-05 13:04:19.395586,2018-07-05 12:10:00,SMALL CRAFT ADVISORY IN EFFECT FROM FRIDAY EVENING THROUGH SATURDAY MORNING
2018-07-05 13:06:37.976986,2018-07-05 12:10:00,SMALL CRAFT ADVISORY IN EFFECT FROM FRIDAY EVENING THROUGH SATURDAY MORNING
